
running 0 tests

test result: ok. 0 passed; 0 failed; 0 ignored; 0 measured; 0 filtered out; finished in 0.00s


running 0 tests

test result: ok. 0 passed; 0 failed; 0 ignored; 0 measured; 0 filtered out; finished in 0.00s


running 1 test
test solo_test_specs ... FAILED

failures:

---- solo_test_specs stdout ----
thread 'solo_test_specs' panicked at 'assertion failed: `(left == right)`
  left: `Page { blurb: None, categories: None, config: None, css: None, date: None, head: None, id: None, path: None, scripts: None, sections: Some([List { attributes: Some(AttributesObj { accesskey: None, autocapitalize: None, autofocus: None, contenteditable: None, class: None, id: Some("tango") }), items: Some([ListItem { content: [Paragraph { content: [Text { content: "You're" }, Space, Text { content: "those" }, Space, Text { content: "formats." }] }] }]), preface: None }]), source_hash: None, status: None, template: None, time: None, title: None, type: None }`,
 right: `Page { blurb: None, categories: None, config: None, css: None, date: None, head: None, id: None, path: None, scripts: None, sections: Some([List { attributes: Some(AttributesObj { accesskey: None, autocapitalize: None, autofocus: None, contenteditable: None, class: None, id: Some("tango") }), items: None, preface: None }]), source_hash: None, status: None, template: None, time: None, title: None, type: None }`', tests/spec_test.rs:39:9
note: run with `RUST_BACKTRACE=1` environment variable to display a backtrace


failures:
    solo_test_specs

test result: FAILED. 0 passed; 1 failed; 0 ignored; 0 measured; 0 filtered out; finished in 0.00s

